actionid=tox
msg=packaging
cmdargs=['/usr/bin/python3', local('/home/gilles/thumbor-debian/python-manhole/manhole-1.3.0/setup.py'), 'sdist', '--formats=zip', '--dist-dir', local('/home/gilles/thumbor-debian/python-manhole/manhole-1.3.0/.tox/dist')]
env=None
running sdist
running egg_info
writing top-level names to src/manhole.egg-info/top_level.txt
writing dependency_links to src/manhole.egg-info/dependency_links.txt
writing src/manhole.egg-info/PKG-INFO
writing requirements to src/manhole.egg-info/requires.txt
reading manifest file 'src/manhole.egg-info/SOURCES.txt'
reading manifest template 'MANIFEST.in'
warning: no directories found matching 'examples'
warning: no files found matching '.isort.cfg'
warning: no files found matching '.pylintrc'
warning: no files found matching 'appveyor.yml'
warning: no previously-included files matching '*.py[cod]' found anywhere in distribution
warning: no previously-included files matching '__pycache__' found anywhere in distribution
warning: no previously-included files matching '*.so' found anywhere in distribution
warning: no previously-included files matching '*.dylib' found anywhere in distribution
writing manifest file 'src/manhole.egg-info/SOURCES.txt'
running check
creating manhole-1.3.0
creating manhole-1.3.0/ci
creating manhole-1.3.0/ci/templates
creating manhole-1.3.0/docs
creating manhole-1.3.0/docs/reference
creating manhole-1.3.0/scripts
creating manhole-1.3.0/src
creating manhole-1.3.0/src/manhole.egg-info
creating manhole-1.3.0/tests
making hard links in manhole-1.3.0...
hard linking .bumpversion.cfg -> manhole-1.3.0
hard linking .cookiecutterrc -> manhole-1.3.0
hard linking .coveragerc -> manhole-1.3.0
hard linking .travis.yml -> manhole-1.3.0
hard linking AUTHORS.rst -> manhole-1.3.0
hard linking CHANGELOG.rst -> manhole-1.3.0
hard linking CONTRIBUTING.rst -> manhole-1.3.0
hard linking LICENSE -> manhole-1.3.0
hard linking MANIFEST.in -> manhole-1.3.0
hard linking README.rst -> manhole-1.3.0
hard linking setup.cfg -> manhole-1.3.0
hard linking setup.py -> manhole-1.3.0
hard linking tox.ini -> manhole-1.3.0
hard linking ci/bootstrap.py -> manhole-1.3.0/ci
hard linking ci/templates/.travis.yml -> manhole-1.3.0/ci/templates
hard linking ci/templates/tox.ini -> manhole-1.3.0/ci/templates
hard linking docs/authors.rst -> manhole-1.3.0/docs
hard linking docs/changelog.rst -> manhole-1.3.0/docs
hard linking docs/conf.py -> manhole-1.3.0/docs
hard linking docs/contributing.rst -> manhole-1.3.0/docs
hard linking docs/index.rst -> manhole-1.3.0/docs
hard linking docs/installation.rst -> manhole-1.3.0/docs
hard linking docs/readme.rst -> manhole-1.3.0/docs
hard linking docs/requirements.txt -> manhole-1.3.0/docs
hard linking docs/spelling_wordlist.txt -> manhole-1.3.0/docs
hard linking docs/usage.rst -> manhole-1.3.0/docs
hard linking docs/reference/index.rst -> manhole-1.3.0/docs/reference
hard linking docs/reference/manhole.rst -> manhole-1.3.0/docs/reference
hard linking scripts/manhole-cli -> manhole-1.3.0/scripts
hard linking src/manhole.embed -> manhole-1.3.0/src
hard linking src/manhole.pth -> manhole-1.3.0/src
hard linking src/manhole.py -> manhole-1.3.0/src
hard linking src/manhole.egg-info/PKG-INFO -> manhole-1.3.0/src/manhole.egg-info
hard linking src/manhole.egg-info/SOURCES.txt -> manhole-1.3.0/src/manhole.egg-info
hard linking src/manhole.egg-info/dependency_links.txt -> manhole-1.3.0/src/manhole.egg-info
hard linking src/manhole.egg-info/not-zip-safe -> manhole-1.3.0/src/manhole.egg-info
hard linking src/manhole.egg-info/requires.txt -> manhole-1.3.0/src/manhole.egg-info
hard linking src/manhole.egg-info/top_level.txt -> manhole-1.3.0/src/manhole.egg-info
hard linking tests/helper.py -> manhole-1.3.0/tests
hard linking tests/test_manhole.py -> manhole-1.3.0/tests
hard linking tests/test_manhole_cli.py -> manhole-1.3.0/tests
hard linking tests/wsgi.py -> manhole-1.3.0/tests
copying setup.cfg -> manhole-1.3.0
Writing manhole-1.3.0/setup.cfg
creating .tox/dist
creating '.tox/dist/manhole-1.3.0.zip' and adding 'manhole-1.3.0' to it
adding 'manhole-1.3.0/setup.cfg'
adding 'manhole-1.3.0/CONTRIBUTING.rst'
adding 'manhole-1.3.0/PKG-INFO'
adding 'manhole-1.3.0/.coveragerc'
adding 'manhole-1.3.0/CHANGELOG.rst'
adding 'manhole-1.3.0/tox.ini'
adding 'manhole-1.3.0/AUTHORS.rst'
adding 'manhole-1.3.0/README.rst'
adding 'manhole-1.3.0/LICENSE'
adding 'manhole-1.3.0/.cookiecutterrc'
adding 'manhole-1.3.0/setup.py'
adding 'manhole-1.3.0/MANIFEST.in'
adding 'manhole-1.3.0/.bumpversion.cfg'
adding 'manhole-1.3.0/.travis.yml'
adding 'manhole-1.3.0/tests/test_manhole.py'
adding 'manhole-1.3.0/tests/test_manhole_cli.py'
adding 'manhole-1.3.0/tests/wsgi.py'
adding 'manhole-1.3.0/tests/helper.py'
adding 'manhole-1.3.0/docs/authors.rst'
adding 'manhole-1.3.0/docs/spelling_wordlist.txt'
adding 'manhole-1.3.0/docs/installation.rst'
adding 'manhole-1.3.0/docs/contributing.rst'
adding 'manhole-1.3.0/docs/changelog.rst'
adding 'manhole-1.3.0/docs/index.rst'
adding 'manhole-1.3.0/docs/conf.py'
adding 'manhole-1.3.0/docs/requirements.txt'
adding 'manhole-1.3.0/docs/usage.rst'
adding 'manhole-1.3.0/docs/readme.rst'
adding 'manhole-1.3.0/docs/reference/index.rst'
adding 'manhole-1.3.0/docs/reference/manhole.rst'
adding 'manhole-1.3.0/ci/bootstrap.py'
adding 'manhole-1.3.0/ci/templates/tox.ini'
adding 'manhole-1.3.0/ci/templates/.travis.yml'
adding 'manhole-1.3.0/src/manhole.embed'
adding 'manhole-1.3.0/src/manhole.py'
adding 'manhole-1.3.0/src/manhole.pth'
adding 'manhole-1.3.0/src/manhole.egg-info/PKG-INFO'
adding 'manhole-1.3.0/src/manhole.egg-info/not-zip-safe'
adding 'manhole-1.3.0/src/manhole.egg-info/SOURCES.txt'
adding 'manhole-1.3.0/src/manhole.egg-info/requires.txt'
adding 'manhole-1.3.0/src/manhole.egg-info/dependency_links.txt'
adding 'manhole-1.3.0/src/manhole.egg-info/top_level.txt'
adding 'manhole-1.3.0/scripts/manhole-cli'
removing 'manhole-1.3.0' (and everything under it)
